mode: set
go-path/path/path.go:25.66,39.16 4 0
go-path/path/path.go:43.2,46.16 3 0
go-path/path/path.go:51.2,53.16 3 0
go-path/path/path.go:58.2,60.12 2 0
go-path/path/path.go:39.16,41.3 1 0
go-path/path/path.go:46.16,48.3 1 0
go-path/path/path.go:53.16,55.3 1 0
go-path/path/path.go:65.77,74.16 4 0
go-path/path/path.go:78.2,81.16 3 0
go-path/path/path.go:85.2,88.35 3 0
go-path/path/path.go:92.2,92.12 1 0
go-path/path/path.go:74.16,76.3 1 0
go-path/path/path.go:81.16,83.3 1 0
go-path/path/path.go:88.35,90.3 1 0
go-path/path/path.go:97.72,98.36 1 0
go-path/path/path.go:104.2,105.16 2 0
go-path/path/path.go:109.2,110.16 2 0
go-path/path/path.go:114.2,114.25 1 0
go-path/path/path.go:98.36,102.3 1 0
go-path/path/path.go:105.16,107.3 1 0
go-path/path/path.go:110.16,112.3 1 0
go-path/path/path.go:115.27,116.14 1 0
go-path/path/path.go:117.21,118.3 1 0
go-path/path/path.go:121.31,122.3 1 0
go-path/path/path.go:131.38,132.3 1 0
go-path/path/path.go:149.10,150.3 1 0
go-path/path/path.go:118.3,120.4 1 0
go-path/path/path.go:122.3,126.18 3 0
go-path/path/path.go:129.4,129.44 1 0
go-path/path/path.go:126.18,128.5 1 0
go-path/path/path.go:132.3,136.18 3 0
go-path/path/path.go:140.4,141.46 2 0
go-path/path/path.go:147.4,147.44 1 0
go-path/path/path.go:136.18,138.5 1 0
go-path/path/path.go:141.46,145.5 1 0
go-path/path/path.go:150.3,152.4 1 0
go-path/path/path.go:157.59,160.16 3 0
go-path/path/path.go:164.2,167.16 3 0
go-path/path/path.go:170.2,173.32 3 0
go-path/path/path.go:160.16,162.3 1 0
go-path/path/path.go:167.16,169.3 1 0
go-path/path/path.go:177.89,180.16 3 0
go-path/path/path.go:184.2,187.16 3 0
go-path/path/path.go:190.2,193.31 3 0
go-path/path/path.go:180.16,182.3 1 0
go-path/path/path.go:187.16,189.3 1 0
go-path/path/path.go:197.79,199.2 1 0
go-path/path/path.go:202.49,205.16 3 0
go-path/path/path.go:209.2,212.16 3 0
go-path/path/path.go:215.2,218.27 3 0
go-path/path/path.go:205.16,207.3 1 0
go-path/path/path.go:212.16,214.3 1 0
go-path/path/path.go:222.62,226.16 3 0
go-path/path/path.go:230.2,231.16 2 0
go-path/path/path.go:235.2,236.16 2 0
go-path/path/path.go:240.2,243.25 3 0
go-path/path/path.go:226.16,228.3 1 0
go-path/path/path.go:231.16,233.3 1 0
go-path/path/path.go:236.16,238.3 1 0
go-path/path/path.go:247.60,250.16 3 0
go-path/path/path.go:254.2,257.16 3 0
go-path/path/path.go:260.2,263.26 3 0
go-path/path/path.go:250.16,252.3 1 0
go-path/path/path.go:257.16,259.3 1 0
go-path/path/path.go:267.55,269.2 1 0
go-path/path/path.go:272.63,275.16 3 0
go-path/path/path.go:279.2,282.16 3 0
go-path/path/path.go:285.2,288.34 3 0
go-path/path/path.go:275.16,277.3 1 0
go-path/path/path.go:282.16,284.3 1 0
go-path/path/path.go:292.116,296.16 3 0
go-path/path/path.go:300.2,301.16 2 0
go-path/path/path.go:305.2,306.16 2 0
go-path/path/path.go:310.2,313.28 3 0
go-path/path/path.go:296.16,298.3 1 0
go-path/path/path.go:301.16,303.3 1 0
go-path/path/path.go:306.16,308.3 1 0
go-path/path/path.go:317.81,320.16 3 0
go-path/path/path.go:324.2,327.16 3 0
go-path/path/path.go:330.2,333.33 3 0
go-path/path/path.go:320.16,322.3 1 0
go-path/path/path.go:327.16,329.3 1 0
go-path/path/path.go:337.69,339.2 1 0
go-path/path/path.go:342.65,345.16 3 0
go-path/path/path.go:349.2,352.16 3 0
go-path/path/path.go:355.2,358.35 3 0
go-path/path/path.go:345.16,347.3 1 0
go-path/path/path.go:352.16,354.3 1 0
go-path/path/path.go:362.77,365.16 3 0
go-path/path/path.go:369.2,372.16 3 0
go-path/path/path.go:375.2,378.41 3 0
go-path/path/path.go:365.16,367.3 1 0
go-path/path/path.go:372.16,374.3 1 0
go-path/path/path.go:382.53,385.16 3 0
go-path/path/path.go:389.2,392.16 3 0
go-path/path/path.go:395.2,398.29 3 0
go-path/path/path.go:385.16,387.3 1 0
go-path/path/path.go:392.16,394.3 1 0
go-path/path/path.go:402.62,405.16 3 0
go-path/path/path.go:409.2,412.16 3 0
go-path/path/path.go:415.2,418.29 3 0
go-path/path/path.go:405.16,407.3 1 0
go-path/path/path.go:412.16,414.3 1 0
go-path/path/path.go:422.71,425.16 3 0
go-path/path/path.go:429.2,432.16 3 0
go-path/path/path.go:435.2,438.27 3 0
go-path/path/path.go:425.16,427.3 1 0
go-path/path/path.go:432.16,434.3 1 0
go-path/path/path.go:443.56,446.16 3 0
go-path/path/path.go:450.2,453.16 3 0
go-path/path/path.go:456.2,459.35 3 0
go-path/path/path.go:463.2,463.12 1 0
go-path/path/path.go:446.16,448.3 1 0
go-path/path/path.go:453.16,455.3 1 0
go-path/path/path.go:459.35,461.3 1 0
go-path/path/path.go:467.71,469.2 1 0
go-path/path/path.go:472.65,482.2 3 0
